<?xml version="1.0" encoding="UTF-8"?>
<testsuite name="imademethink_jayway_framework.MasterRunnerMaven.MasterRunnerForCucumber" time="0.014" tests="61" errors="0" skipped="0" failures="0">
  <properties>
    <property name="java.runtime.name" value="Java(TM) SE Runtime Environment"/>
    <property name="sun.boot.library.path" value="C:\Program Files\Java\jdk1.7.0_15\jre\bin"/>
    <property name="java.vm.version" value="23.7-b01"/>
    <property name="java.vm.vendor" value="Oracle Corporation"/>
    <property name="maven.multiModuleProjectDirectory" value="D:\Automation_project\imademethink_test\imademethink_jayway_framework"/>
    <property name="java.vendor.url" value="http://java.oracle.com/"/>
    <property name="path.separator" value=";"/>
    <property name="guice.disable.misplaced.annotation.check" value="true"/>
    <property name="java.vm.name" value="Java HotSpot(TM) 64-Bit Server VM"/>
    <property name="file.encoding.pkg" value="sun.io"/>
    <property name="user.script" value=""/>
    <property name="user.country" value="IN"/>
    <property name="sun.java.launcher" value="SUN_STANDARD"/>
    <property name="sun.os.patch.level" value=""/>
    <property name="java.vm.specification.name" value="Java Virtual Machine Specification"/>
    <property name="user.dir" value="D:\Automation_project\imademethink_test\imademethink_jayway_framework"/>
    <property name="java.runtime.version" value="1.7.0_15-b03"/>
    <property name="java.awt.graphicsenv" value="sun.awt.Win32GraphicsEnvironment"/>
    <property name="java.endorsed.dirs" value="C:\Program Files\Java\jdk1.7.0_15\jre\lib\endorsed"/>
    <property name="os.arch" value="amd64"/>
    <property name="java.io.tmpdir" value="C:\Users\Shrikant\AppData\Local\Temp\"/>
    <property name="line.separator" value="&#10;"/>
    <property name="java.vm.specification.vendor" value="Oracle Corporation"/>
    <property name="user.variant" value=""/>
    <property name="os.name" value="Windows 7"/>
    <property name="classworlds.conf" value="D:\Eclipse_Mars_workspace\.metadata\.plugins\org.eclipse.m2e.launching\launches\m2conf5344759556253817589.tmp"/>
    <property name="sun.jnu.encoding" value="Cp1252"/>
    <property name="java.library.path" value="C:\Program Files\Java\jdk1.7.0_15\bin;C:\Windows\Sun\Java\bin;C:\Windows\system32;C:\Windows;C:/Program Files/Java/jdk1.8.0_73/bin/../jre/bin/server;C:/Program Files/Java/jdk1.8.0_73/bin/../jre/bin;C:/Program Files/Java/jdk1.8.0_73/bin/../jre/lib/amd64;C:\windows\system32;C:\windows;C:\windows\System32\WindowsPowerShell\v1.0;C:\Ruby225\bin;C:\Python27;C:\Program Files\Java\jdk1.8.0_73\bin;C:\ProgramData\Oracle\Java\javapath;C:\Program Files;C:\Program Files (x86);C:\Python27;D:\Software\BrowserInstall_Do_Not_Delete;D:\Automation_project\Commom_jars_files\Selenium_MozillaFirefox_Geco_Driver;D:\Automation_project\Commom_jars_files\Selenium_standalone_server_latest;D:\Software\apache-tomcat-8.0.30\bin;D:\Software\Maven\apache-maven-3.3.3\bin;D:\Software\Maven\apache-maven-3.3.3\bin;D:\Automation_project\Commom_jars_files\TestNG_latest;C:\Users\Shrikant\AppData\Local\Android\sdk\tools;C:\Users\Shrikant\AppData\Local\Android\sdk\platform-tools;C:\Program Files\Java\jdk1.8.0_73\bin;G:\Shrikant_Software_Dont_Delete\Gradle\gradle-3.3\bin;D:\Automation_project\Commom_jars_files\Galen_framework\galen-bin-2.3.3;C:\Program Files (x86)\MySQL\MySQL Server 5.6\bin;D:\Software\windows_util_donotdelete;C:\Python27;C:\Users\Shrikant\AppData\Local\GitHubDesktop\bin;D:\Software\Eclipse_Mars\eclipse;;."/>
    <property name="java.specification.name" value="Java Platform API Specification"/>
    <property name="java.class.version" value="51.0"/>
    <property name="sun.management.compiler" value="HotSpot 64-Bit Tiered Compilers"/>
    <property name="os.version" value="6.1"/>
    <property name="user.home" value="C:\Users\Shrikant"/>
    <property name="user.timezone" value="Europe/London"/>
    <property name="java.awt.printerjob" value="sun.awt.windows.WPrinterJob"/>
    <property name="java.specification.version" value="1.7"/>
    <property name="file.encoding" value="Cp1252"/>
    <property name="user.name" value="Shrikant"/>
    <property name="java.class.path" value="D:\Software\Maven\apache-maven-3.3.3\boot\plexus-classworlds-2.5.2.jar"/>
    <property name="java.vm.specification.version" value="1.7"/>
    <property name="sun.arch.data.model" value="64"/>
    <property name="java.home" value="C:\Program Files\Java\jdk1.7.0_15\jre"/>
    <property name="sun.java.command" value="org.codehaus.plexus.classworlds.launcher.Launcher -B clean test"/>
    <property name="java.specification.vendor" value="Oracle Corporation"/>
    <property name="user.language" value="en"/>
    <property name="awt.toolkit" value="sun.awt.windows.WToolkit"/>
    <property name="java.vm.info" value="mixed mode"/>
    <property name="java.version" value="1.7.0_15"/>
    <property name="java.ext.dirs" value="C:\Program Files\Java\jdk1.7.0_15\jre\lib\ext;C:\Windows\Sun\Java\lib\ext"/>
    <property name="sun.boot.class.path" value="C:\Program Files\Java\jdk1.7.0_15\jre\lib\resources.jar;C:\Program Files\Java\jdk1.7.0_15\jre\lib\rt.jar;C:\Program Files\Java\jdk1.7.0_15\jre\lib\sunrsasign.jar;C:\Program Files\Java\jdk1.7.0_15\jre\lib\jsse.jar;C:\Program Files\Java\jdk1.7.0_15\jre\lib\jce.jar;C:\Program Files\Java\jdk1.7.0_15\jre\lib\charsets.jar;C:\Program Files\Java\jdk1.7.0_15\jre\lib\jfr.jar;C:\Program Files\Java\jdk1.7.0_15\jre\classes"/>
    <property name="java.vendor" value="Oracle Corporation"/>
    <property name="maven.home" value="D:\Software\Maven\apache-maven-3.3.3"/>
    <property name="file.separator" value="\"/>
    <property name="java.vendor.url.bug" value="http://bugreport.sun.com/bugreport/"/>
    <property name="sun.cpu.endian" value="little"/>
    <property name="sun.io.unicode.encoding" value="UnicodeLittle"/>
    <property name="sun.desktop" value="windows"/>
    <property name="sun.cpu.isalist" value="amd64"/>
  </properties>
  <testcase name="Given General init" classname="Scenario: Valid scenario 1" time="0.003"/>
  <testcase name="And Basic web application endpoint url is &quot;http://localhost:8080/imademethink/restfulapi/account_basic/&quot;" classname="Scenario: Valid scenario 1" time="0"/>
  <testcase name="And Basic user details are" classname="Scenario: Valid scenario 1" time="0"/>
  <testcase name="Given Valid simple user management application is running" classname="Scenario: Valid scenario 1" time="0"/>
  <testcase name="When User performs GET signup parameters" classname="Scenario: Valid scenario 1" time="0"/>
  <testcase name="And User performs POST signup with email id &quot;Happy01@aaa.com&quot; to create account" classname="Scenario: Valid scenario 1" time="0"/>
  <testcase name="And User performs GET to activate account" classname="Scenario: Valid scenario 1" time="0.001"/>
  <testcase name="And User performs POST to signin account" classname="Scenario: Valid scenario 1" time="0"/>
  <testcase name="And User performs DELETE to signout account" classname="Scenario: Valid scenario 1" time="0"/>
  <testcase name="Then Each user action should be successful" classname="Scenario: Valid scenario 1" time="0.001"/>
  <testcase name="Scenario: Valid scenario 1" classname="Scenario: Valid scenario 1" time="0.003"/>
  <testcase name="Given General init" classname="Scenario: Valid scenario 2" time="0"/>
  <testcase name="And Basic web application endpoint url is &quot;http://localhost:8080/imademethink/restfulapi/account_basic/&quot;" classname="Scenario: Valid scenario 2" time="0.001"/>
  <testcase name="And Basic user details are" classname="Scenario: Valid scenario 2" time="0"/>
  <testcase name="Given Valid simple user management application is running" classname="Scenario: Valid scenario 2" time="0.001"/>
  <testcase name="When User performs GET signup parameters" classname="Scenario: Valid scenario 2" time="0"/>
  <testcase name="And User performs POST signup with email id &quot;Happy02@aaa.com&quot; to create account" classname="Scenario: Valid scenario 2" time="0"/>
  <testcase name="And User performs GET to activate account" classname="Scenario: Valid scenario 2" time="0"/>
  <testcase name="And User performs POST to signin account" classname="Scenario: Valid scenario 2" time="0"/>
  <testcase name="And User performs GET account profile" classname="Scenario: Valid scenario 2" time="0"/>
  <testcase name="And User performs PUT to modify account profile with first name &quot;Jack&quot; and last name &quot;Black&quot; and &quot;valid scenario 2&quot;" classname="Scenario: Valid scenario 2" time="0"/>
  <testcase name="And User performs GET account profile to match updated account profile" classname="Scenario: Valid scenario 2" time="0"/>
  <testcase name="And User performs DELETE to signout account" classname="Scenario: Valid scenario 2" time="0.001"/>
  <testcase name="Then Each user action should be successful" classname="Scenario: Valid scenario 2" time="0"/>
  <testcase name="Scenario: Valid scenario 2" classname="Scenario: Valid scenario 2" time="0"/>
  <testcase name="Given General init" classname="Scenario: Valid scenario 3" time="0"/>
  <testcase name="And Basic web application endpoint url is &quot;http://localhost:8080/imademethink/restfulapi/account_basic/&quot;" classname="Scenario: Valid scenario 3" time="0"/>
  <testcase name="And Basic user details are" classname="Scenario: Valid scenario 3" time="0"/>
  <testcase name="Given Valid simple user management application is running" classname="Scenario: Valid scenario 3" time="0"/>
  <testcase name="When User performs GET signup parameters" classname="Scenario: Valid scenario 3" time="0"/>
  <testcase name="And User performs POST signup with email id &quot;Happy03@aaa.com&quot; to create account" classname="Scenario: Valid scenario 3" time="0"/>
  <testcase name="And User performs GET to activate account" classname="Scenario: Valid scenario 3" time="0"/>
  <testcase name="And User performs POST to signin account" classname="Scenario: Valid scenario 3" time="0"/>
  <testcase name="And User performs POST to signin account" classname="Scenario: Valid scenario 3" time="0"/>
  <testcase name="And User performs GET forget password to get secret questions" classname="Scenario: Valid scenario 3" time="0"/>
  <testcase name="And User performs PUT to reset password" classname="Scenario: Valid scenario 3" time="0"/>
  <testcase name="And User performs DELETE to signout account" classname="Scenario: Valid scenario 3" time="0"/>
  <testcase name="Then Each user action should be successful" classname="Scenario: Valid scenario 3" time="0"/>
  <testcase name="Scenario: Valid scenario 3" classname="Scenario: Valid scenario 3" time="0.001"/>
  <testcase name="Given General init" classname="Scenario: Invalid scenario 1" time="0"/>
  <testcase name="And Basic web application endpoint url is &quot;http://localhost:8080/imademethink/restfulapi/account_basic/&quot;" classname="Scenario: Invalid scenario 1" time="0"/>
  <testcase name="And Basic user details are" classname="Scenario: Invalid scenario 1" time="0"/>
  <testcase name="Given Valid simple user management application is running" classname="Scenario: Invalid scenario 1" time="0"/>
  <testcase name="When User performs GET signup parameters" classname="Scenario: Invalid scenario 1" time="0"/>
  <testcase name="And User performs POST signup with email id &quot;Sad01@aaa.com&quot; to create account" classname="Scenario: Invalid scenario 1" time="0"/>
  <testcase name="And User performs POST to signin account" classname="Scenario: Invalid scenario 1" time="0"/>
  <testcase name="And User performs DELETE to signout account with fake session id and &quot;invalid scenario 1&quot;" classname="Scenario: Invalid scenario 1" time="0"/>
  <testcase name="Then Each user action should be successful" classname="Scenario: Invalid scenario 1" time="0"/>
  <testcase name="Scenario: Invalid scenario 1" classname="Scenario: Invalid scenario 1" time="0"/>
  <testcase name="Given General init" classname="Scenario: Invalid scenario 2" time="0"/>
  <testcase name="And Basic web application endpoint url is &quot;http://localhost:8080/imademethink/restfulapi/account_basic/&quot;" classname="Scenario: Invalid scenario 2" time="0"/>
  <testcase name="And Basic user details are" classname="Scenario: Invalid scenario 2" time="0"/>
  <testcase name="Given Valid simple user management application is running" classname="Scenario: Invalid scenario 2" time="0"/>
  <testcase name="When User performs GET signup parameters" classname="Scenario: Invalid scenario 2" time="0"/>
  <testcase name="And User performs POST signup with email id &quot;Sad02@aaa.com&quot; to create account" classname="Scenario: Invalid scenario 2" time="0"/>
  <testcase name="And User performs GET to activate account" classname="Scenario: Invalid scenario 2" time="0"/>
  <testcase name="And User performs POST to signin account" classname="Scenario: Invalid scenario 2" time="0"/>
  <testcase name="And User performs GET account profile with content type as XML" classname="Scenario: Invalid scenario 2" time="0"/>
  <testcase name="And User performs DELETE to signout account with acceptable content type as XML" classname="Scenario: Invalid scenario 2" time="0"/>
  <testcase name="Then Each user action should be successful" classname="Scenario: Invalid scenario 2" time="0"/>
  <testcase name="Scenario: Invalid scenario 2" classname="Scenario: Invalid scenario 2" time="0.002"/>
</testsuite>